<?xml version="1.0" encoding="UTF-8"?>
<!-- Generated by org.testng.reporters.JUnitReportReporter -->
<testsuite skipped="0" hostname="USABOS214833L" name="bddRestAssured.RestTest" tests="1" failures="0" timestamp="11 Dec 2018 15:22:22 GMT" time="5.962" errors="0">
  <testcase name="test_numberOfCircuitsFor2017_Season" time="5.962" classname="bddRestAssured.RestTest"/>
</testsuite> <!-- bddRestAssured.RestTest -->
