<?xml version="1.0" encoding="UTF-8"?>
<!-- Generated by org.testng.reporters.JUnitReportReporter -->
<testsuite skipped="0" hostname="USABOS214833L" name="bddRestAssured.RestTest1" tests="1" failures="0" timestamp="12 Dec 2018 23:31:06 GMT" time="5.618" errors="0">
  <testcase name="GetWeatherDetails" time="5.618" classname="bddRestAssured.RestTest1"/>
</testsuite> <!-- bddRestAssured.RestTest1 -->
